TN:
SF:src/config/params.ts
FN:35,(anonymous_0)
FNF:1
FNH:1
FNDA:1,(anonymous_0)
DA:3,1
DA:10,1
DA:17,1
DA:24,1
DA:32,1
DA:35,1
DA:36,1
DA:37,1
DA:38,1
DA:39,1
LF:10
LH:10
BRDA:35,0,0,1
BRDA:35,0,1,1
BRF:2
BRH:2
end_of_record
TN:
SF:src/config/types.ts
FN:66,(anonymous_0)
FN:70,(anonymous_1)
FNF:2
FNH:2
FNDA:1,(anonymous_0)
FNDA:1,(anonymous_1)
DA:66,1
DA:67,1
DA:70,1
DA:71,1
DA:72,1
DA:73,1
DA:74,1
LF:7
LH:7
BRDA:66,0,0,1
BRDA:66,0,1,1
BRDA:70,1,0,1
BRDA:70,1,1,1
BRF:4
BRH:4
end_of_record
TN:
SF:src/util/cryptoUtil.ts
FN:3,sha256
FN:8,ripemd160
FNF:2
FNH:0
FNDA:0,sha256
FNDA:0,ripemd160
DA:1,1
DA:3,1
DA:4,0
DA:5,0
DA:8,1
DA:9,0
DA:10,0
LF:7
LH:3
BRF:0
BRH:0
end_of_record
TN:
SF:src/util/transactionUtil.ts
FN:11,publicKeyToAddress
FN:19,(anonymous_8)
FN:29,(anonymous_9)
FN:43,(anonymous_10)
FN:57,(anonymous_11)
FN:71,(anonymous_12)
FN:85,(anonymous_13)
FNF:7
FNH:5
FNDA:0,publicKeyToAddress
FNDA:0,(anonymous_8)
FNDA:1,(anonymous_9)
FNDA:1,(anonymous_10)
FNDA:1,(anonymous_11)
FNDA:1,(anonymous_12)
FNDA:4,(anonymous_13)
DA:1,1
DA:2,1
DA:4,1
DA:5,1
DA:6,1
DA:7,1
DA:8,1
DA:11,1
DA:12,0
DA:13,0
DA:14,0
DA:15,0
DA:16,0
DA:19,1
DA:22,0
DA:23,0
DA:25,0
DA:29,1
DA:34,1
DA:40,1
DA:43,1
DA:48,1
DA:54,1
DA:57,1
DA:62,1
DA:68,1
DA:71,1
DA:76,1
DA:81,1
DA:85,1
DA:94,4
DA:103,4
DA:106,4
DA:110,4
DA:117,4
DA:118,4
DA:120,4
DA:125,4
LF:38
LH:30
BRDA:11,0,0,0
BRF:1
BRH:0
end_of_record
TN:
SF:tests/teansactionUtil.test.ts
FN:10,(anonymous_6)
FN:13,(anonymous_7)
FN:33,(anonymous_8)
FN:53,(anonymous_9)
FN:72,(anonymous_10)
FNF:5
FNH:5
FNDA:1,(anonymous_6)
FNDA:1,(anonymous_7)
FNDA:1,(anonymous_8)
FNDA:1,(anonymous_9)
FNDA:1,(anonymous_10)
DA:2,1
DA:3,1
DA:4,1
DA:10,1
DA:11,1
DA:13,1
DA:14,1
DA:15,1
DA:26,1
DA:27,1
DA:29,1
DA:33,1
DA:34,1
DA:35,1
DA:46,1
DA:47,1
DA:49,1
DA:53,1
DA:54,1
DA:55,1
DA:66,1
DA:67,1
DA:69,1
DA:72,1
DA:73,1
DA:74,1
DA:84,1
DA:85,1
DA:87,1
LF:29
LH:29
BRF:0
BRH:0
end_of_record
TN:
SF:tests/txProtobuf.test.ts
FN:10,(anonymous_6)
FN:14,(anonymous_7)
FN:26,(anonymous_8)
FN:34,(anonymous_9)
FN:53,(anonymous_10)
FN:73,(anonymous_11)
FN:90,(anonymous_12)
FN:109,(anonymous_13)
FNF:8
FNH:8
FNDA:1,(anonymous_6)
FNDA:1,(anonymous_7)
FNDA:1,(anonymous_8)
FNDA:1,(anonymous_9)
FNDA:1,(anonymous_10)
FNDA:1,(anonymous_11)
FNDA:1,(anonymous_12)
FNDA:1,(anonymous_13)
DA:2,1
DA:5,1
DA:6,1
DA:7,1
DA:10,1
DA:11,1
DA:12,1
DA:13,1
DA:14,1
DA:15,1
DA:16,1
DA:21,1
DA:23,1
DA:26,1
DA:27,1
DA:28,1
DA:29,1
DA:31,1
DA:34,1
DA:35,1
DA:36,1
DA:37,1
DA:46,1
DA:47,1
DA:49,1
DA:53,1
DA:54,1
DA:55,1
DA:58,1
DA:60,1
DA:62,1
DA:64,1
DA:68,1
DA:70,1
DA:73,1
DA:74,1
DA:75,1
DA:77,1
DA:84,1
DA:86,1
DA:90,1
DA:91,1
DA:93,1
DA:94,1
DA:101,1
DA:102,1
DA:103,1
DA:104,1
DA:106,1
DA:109,1
DA:110,1
DA:111,1
DA:116,1
DA:118,1
LF:54
LH:54
BRF:0
BRH:0
end_of_record
